2020-07-20 01:27:41,322 List of companies that has no contact details and no address details

2020-07-20 01:27:43,458 No CONTACT DETAILS Companies:

2020-07-20 01:29:54,253 Actian Corp.
2020-07-20 01:29:56,411 Adobe Systems, Inc
2020-07-20 01:30:23,686 Attivio
2020-07-20 01:30:39,487 BuzzSumo
2020-07-20 01:31:08,039 CoreMedia AG
2020-07-20 01:31:16,176 Crownpeak Technology
2020-07-20 01:31:18,764 CSOFT International Ltd.
2020-07-20 01:31:38,551 e-Spirit, Inc.
2020-07-20 01:31:43,087 Facebook
2020-07-20 01:32:01,988 HubSpot, Inc.
2020-07-20 01:32:05,665 IBM
2020-07-20 01:32:16,331 Ingeniux Corp.
2020-07-20 01:32:31,075 Lingotek
2020-07-20 01:33:04,843 Oracle
2020-07-20 01:33:10,517 PLACED, INC.
2020-07-20 01:33:15,739 PublishThis (American City Business Journals)
2020-07-20 01:33:47,233 Sajan, Inc.
2020-07-20 01:34:22,673 Snapchat
2020-07-20 01:34:41,760 Twitter
2020-07-20 01:34:47,750 Vimeo, Inc.

2020-07-20 01:38:27,199 NO ADDRESS  Companies DETAILS

2020-07-20 01:38:27,200 Cision US, Inc.
2020-07-20 01:38:27,200 Contentful
2020-07-20 01:38:27,200 Elsevier
2020-07-20 01:38:27,200 Google
2020-07-20 01:38:27,200 Netflix
2020-07-20 01:38:27,201 Pivotshare
2020-07-20 01:38:27,201 SDL PLC
2020-07-20 01:38:27,201 TERMINALFOUR, Inc.
2020-07-20 01:38:27,201 Wistia, Inc.
